app/build/intermediates/manifest_merge_blame_file/debug/manifest-merger-blame-debug-report.txt
1<?xml version="1.0" encoding="utf-8"?>
2<manifest xmlns:android="http://schemas.android.com/apk/res/android"
3    package="com.example.jetbizzcompose"
4    android:versionCode="1"
5    android:versionName="1.0" >
6
7    <uses-sdk
8        android:minSdkVersion="29"
8-->src\main\AndroidManifest.xml
9        android:targetSdkVersion="33" />
9-->src\main\AndroidManifest.xml
10
11    <application
11-->src\main\AndroidManifest.xml:5:5-25:19
12        android:allowBackup="true"
12-->src\main\AndroidManifest.xml:6:9-35
13        android:appComponentFactory="androidx.core.app.CoreComponentFactory"
13-->[androidx.core:core:1.7.0] AndroidManifest.xml:24:18-86
14        android:dataExtractionRules="@xml/data_extraction_rules"
14-->src\main\AndroidManifest.xml:7:9-65
15        android:debuggable="true"
16        android:extractNativeLibs="false"
17        android:fullBackupContent="@xml/backup_rules"
17-->src\main\AndroidManifest.xml:8:9-54
18        android:icon="@mipmap/ic_launcher"
18-->src\main\AndroidManifest.xml:9:9-43
19        android:label="@string/app_name"
19-->src\main\AndroidManifest.xml:10:9-41
20        android:supportsRtl="true"
20-->src\main\AndroidManifest.xml:11:9-35
21        android:testOnly="true"
22        android:theme="@style/Theme.JetBizzCompose" >
22-->src\main\AndroidManifest.xml:12:9-52
23        <activity
23-->src\main\AndroidManifest.xml:14:9-24:20
24            android:name="com.example.jetbizzcompose.MainActivity"
24-->src\main\AndroidManifest.xml:15:13-41
25            android:exported="true"
25-->src\main\AndroidManifest.xml:16:13-36
26            android:label="@string/app_name"
26-->src\main\AndroidManifest.xml:17:13-45
27            android:theme="@style/Theme.JetBizzCompose" >
27-->src\main\AndroidManifest.xml:18:13-56
28            <intent-filter>
28-->src\main\AndroidManifest.xml:19:13-23:29
29                <action android:name="android.intent.action.MAIN" />
29-->src\main\AndroidManifest.xml:20:17-69
29-->src\main\AndroidManifest.xml:20:25-66
30
31                <category android:name="android.intent.category.LAUNCHER" />
31-->src\main\AndroidManifest.xml:22:17-77
31-->src\main\AndroidManifest.xml:22:27-74
32            </intent-filter>
33        </activity>
34        <activity
34-->[androidx.compose.ui:ui-tooling:1.2.0] AndroidManifest.xml:24:9-26:39
35            android:name="androidx.compose.ui.tooling.PreviewActivity"
35-->[androidx.compose.ui:ui-tooling:1.2.0] AndroidManifest.xml:25:13-71
36            android:exported="true" />
36-->[androidx.compose.ui:ui-tooling:1.2.0] AndroidManifest.xml:26:13-36
37        <activity
37-->[androidx.compose.ui:ui-test-manifest:1.2.0] AndroidManifest.xml:24:9-26:39
38            android:name="androidx.activity.ComponentActivity"
38-->[androidx.compose.ui:ui-test-manifest:1.2.0] AndroidManifest.xml:25:13-63
39            android:exported="true" />
39-->[androidx.compose.ui:ui-test-manifest:1.2.0] AndroidManifest.xml:26:13-36
40
41        <provider
41-->[androidx.profileinstaller:profileinstaller:1.2.0] AndroidManifest.xml:25:9-33:20
42            android:name="androidx.startup.InitializationProvider"
42-->[androidx.profileinstaller:profileinstaller:1.2.0] AndroidManifest.xml:26:13-67
43            android:authorities="com.example.jetbizzcompose.androidx-startup"
43-->[androidx.profileinstaller:profileinstaller:1.2.0] AndroidManifest.xml:27:13-68
44            android:exported="false" >
44-->[androidx.profileinstaller:profileinstaller:1.2.0] AndroidManifest.xml:28:13-37
45            <meta-data
45-->[androidx.profileinstaller:profileinstaller:1.2.0] AndroidManifest.xml:30:13-32:52
46                android:name="androidx.profileinstaller.ProfileInstallerInitializer"
46-->[androidx.profileinstaller:profileinstaller:1.2.0] AndroidManifest.xml:31:17-85
47                android:value="androidx.startup" />
47-->[androidx.profileinstaller:profileinstaller:1.2.0] AndroidManifest.xml:32:17-49
48        </provider>
49
50        <receiver
50-->[androidx.profileinstaller:profileinstaller:1.2.0] AndroidManifest.xml:35:9-47:20
51            android:name="androidx.profileinstaller.ProfileInstallReceiver"
51-->[androidx.profileinstaller:profileinstaller:1.2.0] AndroidManifest.xml:36:13-76
52            android:directBootAware="false"
52-->[androidx.profileinstaller:profileinstaller:1.2.0] AndroidManifest.xml:37:13-44
53            android:enabled="true"
53-->[androidx.profileinstaller:profileinstaller:1.2.0] AndroidManifest.xml:38:13-35
54            android:exported="true"
54-->[androidx.profileinstaller:profileinstaller:1.2.0] AndroidManifest.xml:39:13-36
55            android:permission="android.permission.DUMP" >
55-->[androidx.profileinstaller:profileinstaller:1.2.0] AndroidManifest.xml:40:13-57
56            <intent-filter>
56-->[androidx.profileinstaller:profileinstaller:1.2.0] AndroidManifest.xml:41:13-43:29
57                <action android:name="androidx.profileinstaller.action.INSTALL_PROFILE" />
57-->[androidx.profileinstaller:profileinstaller:1.2.0] AndroidManifest.xml:42:17-91
57-->[androidx.profileinstaller:profileinstaller:1.2.0] AndroidManifest.xml:42:25-88
58            </intent-filter>
59            <intent-filter>
59-->[androidx.profileinstaller:profileinstaller:1.2.0] AndroidManifest.xml:44:13-46:29
60                <action android:name="androidx.profileinstaller.action.SKIP_FILE" />
60-->[androidx.profileinstaller:profileinstaller:1.2.0] AndroidManifest.xml:45:17-85
60-->[androidx.profileinstaller:profileinstaller:1.2.0] AndroidManifest.xml:45:25-82
61            </intent-filter>
62        </receiver>
63    </application>
64
65</manifest>